<?xml version="1.0" encoding="UTF-8"?>
<!-- Generated by org.testng.reporters.JUnitXMLReporter -->
<testsuite ignored="0" hostname="vinod" failures="0" tests="8" name="Test" time="0.141" errors="0" timestamp="2022-02-12T15:52:53 IST">
  <testcase classname="tests.VinodSuite" name="testA" time="0.008"/>
  <testcase classname="tests.VinodSuite" name="testB" time="0.003"/>
  <testcase classname="tests.VinodSuite" name="testC" time="0.002"/>
  <testcase classname="tests.VinodSuite" name="testD" time="0.003"/>
  <testcase classname="tests.VinodVerify$VinodSuite" name="testE" time="0.002"/>
  <testcase classname="tests.VinodVerify$VinodSuite" name="testF" time="0.002"/>
  <testcase classname="tests.VinodVerify$VinodSuite" name="testG" time="0.001"/>
  <testcase classname="tests.VinodVerify$VinodSuite" name="testH" time="0.003"/>
</testsuite> <!-- Test -->
